{"/Users/joe/Documents/bankTechTest/src/account.js": {"path":"/Users/joe/Documents/bankTechTest/src/account.js","statementMap":{"0":{"start":{"line":3,"column":4},"end":{"line":3,"column":27}},"1":{"start":{"line":4,"column":4},"end":{"line":4,"column":21}},"2":{"start":{"line":8,"column":4},"end":{"line":19,"column":5}},"3":{"start":{"line":9,"column":6},"end":{"line":9,"column":37}},"4":{"start":{"line":11,"column":6},"end":{"line":11,"column":29}},"5":{"start":{"line":12,"column":6},"end":{"line":18,"column":9}},"6":{"start":{"line":23,"column":4},"end":{"line":25,"column":5}},"7":{"start":{"line":24,"column":6},"end":{"line":24,"column":37}},"8":{"start":{"line":26,"column":4},"end":{"line":35,"column":39}},"9":{"start":{"line":27,"column":6},"end":{"line":27,"column":29}},"10":{"start":{"line":28,"column":6},"end":{"line":34,"column":9}},"11":{"start":{"line":35,"column":11},"end":{"line":35,"column":39}},"12":{"start":{"line":39,"column":0},"end":{"line":39,"column":25}}},"fnMap":{"0":{"name":"(anonymous_0)","decl":{"start":{"line":2,"column":2},"end":{"line":2,"column":3}},"loc":{"start":{"line":2,"column":16},"end":{"line":5,"column":3}},"line":2},"1":{"name":"(anonymous_1)","decl":{"start":{"line":7,"column":2},"end":{"line":7,"column":3}},"loc":{"start":{"line":7,"column":24},"end":{"line":20,"column":3}},"line":7},"2":{"name":"(anonymous_2)","decl":{"start":{"line":22,"column":2},"end":{"line":22,"column":3}},"loc":{"start":{"line":22,"column":23},"end":{"line":36,"column":3}},"line":22}},"branchMap":{"0":{"loc":{"start":{"line":8,"column":4},"end":{"line":19,"column":5}},"type":"if","locations":[{"start":{"line":8,"column":4},"end":{"line":19,"column":5}},{"start":{"line":10,"column":11},"end":{"line":19,"column":5}}],"line":8},"1":{"loc":{"start":{"line":23,"column":4},"end":{"line":25,"column":5}},"type":"if","locations":[{"start":{"line":23,"column":4},"end":{"line":25,"column":5}},{"start":{},"end":{}}],"line":23},"2":{"loc":{"start":{"line":26,"column":4},"end":{"line":35,"column":39}},"type":"if","locations":[{"start":{"line":26,"column":4},"end":{"line":35,"column":39}},{"start":{"line":35,"column":11},"end":{"line":35,"column":39}}],"line":26}},"s":{"0":3,"1":3,"2":10,"3":1,"4":9,"5":9,"6":6,"7":1,"8":5,"9":4,"10":4,"11":1,"12":2},"f":{"0":3,"1":10,"2":6},"b":{"0":[1,9],"1":[1,5],"2":[4,1]},"_coverageSchema":"1a1c01bbd47fc00a2c39e90264f33305004495a9","hash":"2098a9d231dc57b7b318f5170409ac1a3a701b08"}
,"/Users/joe/Documents/bankTechTest/src/statement.js": {"path":"/Users/joe/Documents/bankTechTest/src/statement.js","statementMap":{"0":{"start":{"line":3,"column":4},"end":{"line":3,"column":27}},"1":{"start":{"line":4,"column":4},"end":{"line":4,"column":73}},"2":{"start":{"line":8,"column":4},"end":{"line":8,"column":43}},"3":{"start":{"line":12,"column":4},"end":{"line":12,"column":31}},"4":{"start":{"line":13,"column":4},"end":{"line":13,"column":26}},"5":{"start":{"line":17,"column":4},"end":{"line":17,"column":37}},"6":{"start":{"line":21,"column":29},"end":{"line":21,"column":69}},"7":{"start":{"line":22,"column":4},"end":{"line":30,"column":7}},"8":{"start":{"line":23,"column":6},"end":{"line":29,"column":48}},"9":{"start":{"line":34,"column":0},"end":{"line":34,"column":27}}},"fnMap":{"0":{"name":"(anonymous_0)","decl":{"start":{"line":2,"column":2},"end":{"line":2,"column":3}},"loc":{"start":{"line":2,"column":23},"end":{"line":5,"column":3}},"line":2},"1":{"name":"(anonymous_1)","decl":{"start":{"line":7,"column":2},"end":{"line":7,"column":3}},"loc":{"start":{"line":7,"column":16},"end":{"line":9,"column":3}},"line":7},"2":{"name":"(anonymous_2)","decl":{"start":{"line":11,"column":2},"end":{"line":11,"column":3}},"loc":{"start":{"line":11,"column":18},"end":{"line":14,"column":3}},"line":11},"3":{"name":"(anonymous_3)","decl":{"start":{"line":16,"column":2},"end":{"line":16,"column":3}},"loc":{"start":{"line":16,"column":21},"end":{"line":18,"column":3}},"line":16},"4":{"name":"(anonymous_4)","decl":{"start":{"line":20,"column":2},"end":{"line":20,"column":3}},"loc":{"start":{"line":20,"column":24},"end":{"line":31,"column":3}},"line":20},"5":{"name":"(anonymous_5)","decl":{"start":{"line":22,"column":25},"end":{"line":22,"column":26}},"loc":{"start":{"line":22,"column":42},"end":{"line":30,"column":5}},"line":22}},"branchMap":{"0":{"loc":{"start":{"line":24,"column":8},"end":{"line":26,"column":49}},"type":"cond-expr","locations":[{"start":{"line":25,"column":12},"end":{"line":25,"column":21}},{"start":{"line":26,"column":12},"end":{"line":26,"column":49}}],"line":24},"1":{"loc":{"start":{"line":28,"column":8},"end":{"line":28,"column":80}},"type":"cond-expr","locations":[{"start":{"line":28,"column":33},"end":{"line":28,"column":41}},{"start":{"line":28,"column":44},"end":{"line":28,"column":80}}],"line":28}},"s":{"0":1,"1":1,"2":3,"3":3,"4":3,"5":4,"6":3,"7":3,"8":9,"9":1},"f":{"0":1,"1":3,"2":3,"3":4,"4":3,"5":9},"b":{"0":[3,6],"1":[6,3]},"_coverageSchema":"1a1c01bbd47fc00a2c39e90264f33305004495a9","hash":"dfd831e51e21ff0ba249b336ff6a63fa19e729d4"}
}
