TN:
SF:src/account.js
FN:2,(anonymous_0)
FN:7,(anonymous_1)
FN:22,(anonymous_2)
FNF:3
FNH:3
FNDA:3,(anonymous_0)
FNDA:10,(anonymous_1)
FNDA:6,(anonymous_2)
DA:3,3
DA:4,3
DA:8,10
DA:9,1
DA:11,9
DA:12,9
DA:23,6
DA:24,1
DA:26,5
DA:27,4
DA:28,4
DA:35,1
DA:39,2
LF:13
LH:13
BRDA:8,0,0,1
BRDA:8,0,1,9
BRDA:23,1,0,1
BRDA:23,1,1,5
BRDA:26,2,0,4
BRDA:26,2,1,1
BRF:6
BRH:6
end_of_record
TN:
SF:src/statement.js
FN:2,(anonymous_0)
FN:7,(anonymous_1)
FN:11,(anonymous_2)
FN:16,(anonymous_3)
FN:20,(anonymous_4)
FN:22,(anonymous_5)
FNF:6
FNH:6
FNDA:1,(anonymous_0)
FNDA:3,(anonymous_1)
FNDA:3,(anonymous_2)
FNDA:4,(anonymous_3)
FNDA:3,(anonymous_4)
FNDA:9,(anonymous_5)
DA:3,1
DA:4,1
DA:8,3
DA:12,3
DA:13,3
DA:17,4
DA:21,3
DA:22,3
DA:23,9
DA:34,1
LF:10
LH:10
BRDA:24,0,0,3
BRDA:24,0,1,6
BRDA:28,1,0,6
BRDA:28,1,1,3
BRF:4
BRH:4
end_of_record
